This file contains any messages produced by compilers while
running configure, to aid debugging if configure makes a mistake.

It was created by sibships configure 1.0, which was
generated by GNU Autoconf 2.69.  Invocation command line was

  $ ./configure 

## --------- ##
## Platform. ##
## --------- ##

hostname = sesame
uname -m = x86_64
uname -r = 4.15.0-147-generic
uname -s = Linux
uname -v = #151-Ubuntu SMP Fri Jun 18 19:21:19 UTC 2021

/usr/bin/uname -p = unknown
/bin/uname -X     = unknown

/bin/arch              = unknown
/usr/bin/arch -k       = unknown
/usr/convex/getsysinfo = unknown
/usr/bin/hostinfo      = unknown
/bin/machine           = unknown
/usr/bin/oslevel       = unknown
/bin/universe          = unknown

PATH: /home/natep/.local/bin
PATH: /home/natep/.local/bin
PATH: /home/natep/.miniconda3/envs/rspatial/bin
PATH: /home/natep/.miniconda3/condabin
PATH: /usr/local/sbin
PATH: /usr/local/bin
PATH: /usr/sbin
PATH: /usr/bin
PATH: /sbin
PATH: /bin
PATH: /usr/games
PATH: /usr/local/games
PATH: /snap/bin
PATH: /home/natep/.local/bin
PATH: /home/natep/.local/bin


## ----------- ##
## Core tests. ##
## ----------- ##

configure:1910: checking for C++ compiler version
configure:1919: x86_64-conda-linux-gnu-c++ -std=gnu++14 --version >&5
x86_64-conda-linux-gnu-c++ (Anaconda gcc) 11.2.0
Copyright (C) 2021 Free Software Foundation, Inc.
This is free software; see the source for copying conditions.  There is NO
warranty; not even for MERCHANTABILITY or FITNESS FOR A PARTICULAR PURPOSE.

configure:1930: $? = 0
configure:1919: x86_64-conda-linux-gnu-c++ -std=gnu++14 -v >&5
Reading specs from /home/natep/.miniconda3/envs/rspatial/bin/../lib/gcc/x86_64-conda-linux-gnu/11.2.0/specs
COLLECT_GCC=x86_64-conda-linux-gnu-c++
COLLECT_LTO_WRAPPER=/home/natep/.miniconda3/envs/rspatial/bin/../libexec/gcc/x86_64-conda-linux-gnu/11.2.0/lto-wrapper
Target: x86_64-conda-linux-gnu
Configured with: /opt/conda/conda-bld/gcc-compiler_1654084175708/work/gcc/configure --build=x86_64-build_conda-linux-gnu --host=x86_64-build_conda-linux-gnu --target=x86_64-conda-linux-gnu --prefix=/opt/conda/conda-bld/gcc-compiler_1654084175708/work/gcc_built --exec_prefix=/opt/conda/conda-bld/gcc-compiler_1654084175708/work/gcc_built --with-sysroot=/opt/conda/conda-bld/gcc-compiler_1654084175708/work/gcc_built/x86_64-conda-linux-gnu/sysroot --with-local-prefix=/opt/conda/conda-bld/gcc-compiler_1654084175708/work/gcc_built/x86_64-conda-linux-gnu/sysroot --enable-long-long --disable-multilib --disable-nls --with-gmp=/opt/conda/conda-bld/gcc-compiler_1654084175708/work/buildtools --with-mpfr=/opt/conda/conda-bld/gcc-compiler_1654084175708/work/buildtools --with-mpc=/opt/conda/conda-bld/gcc-compiler_1654084175708/work/buildtools --with-isl=/opt/conda/conda-bld/gcc-compiler_1654084175708/work/buildtools --without-zstd --enable-languages=c,c++,fortran,objc,obj-c++ --enable-__cxa_atexit --disable-libmudflap --enable-libgomp --enable-libquadmath --enable-libquadmath-support --enable-libsanitizer --disable-libstdcxx-verbose --enable-lto --enable-libcc1 --enable-threads=posix --enable-plugin --with-pkgversion='Anaconda gcc' --enable-libmpx
Thread model: posix
Supported LTO compression algorithms: zlib
gcc version 11.2.0 (Anaconda gcc) 
configure:1930: $? = 0
configure:1919: x86_64-conda-linux-gnu-c++ -std=gnu++14 -V >&5
x86_64-conda-linux-gnu-c++: error: unrecognized command-line option '-V'
x86_64-conda-linux-gnu-c++: fatal error: no input files
compilation terminated.
configure:1930: $? = 1
configure:1919: x86_64-conda-linux-gnu-c++ -std=gnu++14 -qversion >&5
x86_64-conda-linux-gnu-c++: error: unrecognized command-line option '-qversion'; did you mean '--version'?
x86_64-conda-linux-gnu-c++: fatal error: no input files
compilation terminated.
configure:1930: $? = 1
configure:1950: checking whether the C++ compiler works
configure:1972: x86_64-conda-linux-gnu-c++ -std=gnu++14 -fvisibility-inlines-hidden -fmessage-length=0 -march=nocona -mtune=haswell -ftree-vectorize -fPIC -fstack-protector-strong -fno-plt -O2 -ffunction-sections -pipe -isystem /home/natep/.miniconda3/envs/rspatial/include -fdebug-prefix-map=/home/builder/r-4.2.0/miniconda/envs/r-4.2.0/conda-bld/r-base_1653520836469/work=/usr/local/src/conda/r-base-4.2.0 -fdebug-prefix-map=/home/natep/.miniconda3/envs/rspatial=/usr/local/src/conda-prefix -DNDEBUG -D_FORTIFY_SOURCE=2 -O2 -isystem /home/natep/.miniconda3/envs/rspatial/include -Wl,-O2 -Wl,--sort-common -Wl,--as-needed -Wl,-z,relro -Wl,-z,now -Wl,--disable-new-dtags -Wl,--gc-sections -Wl,-rpath,/home/natep/.miniconda3/envs/rspatial/lib -Wl,-rpath-link,/home/natep/.miniconda3/envs/rspatial/lib -L/home/natep/.miniconda3/envs/rspatial/lib conftest.cpp  >&5
configure:1976: $? = 0
configure:2024: result: yes
configure:2027: checking for C++ compiler default output file name
configure:2029: result: a.out
configure:2035: checking for suffix of executables
configure:2042: x86_64-conda-linux-gnu-c++ -std=gnu++14 -o conftest -fvisibility-inlines-hidden -fmessage-length=0 -march=nocona -mtune=haswell -ftree-vectorize -fPIC -fstack-protector-strong -fno-plt -O2 -ffunction-sections -pipe -isystem /home/natep/.miniconda3/envs/rspatial/include -fdebug-prefix-map=/home/builder/r-4.2.0/miniconda/envs/r-4.2.0/conda-bld/r-base_1653520836469/work=/usr/local/src/conda/r-base-4.2.0 -fdebug-prefix-map=/home/natep/.miniconda3/envs/rspatial=/usr/local/src/conda-prefix -DNDEBUG -D_FORTIFY_SOURCE=2 -O2 -isystem /home/natep/.miniconda3/envs/rspatial/include -Wl,-O2 -Wl,--sort-common -Wl,--as-needed -Wl,-z,relro -Wl,-z,now -Wl,--disable-new-dtags -Wl,--gc-sections -Wl,-rpath,/home/natep/.miniconda3/envs/rspatial/lib -Wl,-rpath-link,/home/natep/.miniconda3/envs/rspatial/lib -L/home/natep/.miniconda3/envs/rspatial/lib conftest.cpp  >&5
configure:2046: $? = 0
configure:2068: result: 
configure:2090: checking whether we are cross compiling
configure:2098: x86_64-conda-linux-gnu-c++ -std=gnu++14 -o conftest -fvisibility-inlines-hidden -fmessage-length=0 -march=nocona -mtune=haswell -ftree-vectorize -fPIC -fstack-protector-strong -fno-plt -O2 -ffunction-sections -pipe -isystem /home/natep/.miniconda3/envs/rspatial/include -fdebug-prefix-map=/home/builder/r-4.2.0/miniconda/envs/r-4.2.0/conda-bld/r-base_1653520836469/work=/usr/local/src/conda/r-base-4.2.0 -fdebug-prefix-map=/home/natep/.miniconda3/envs/rspatial=/usr/local/src/conda-prefix -DNDEBUG -D_FORTIFY_SOURCE=2 -O2 -isystem /home/natep/.miniconda3/envs/rspatial/include -Wl,-O2 -Wl,--sort-common -Wl,--as-needed -Wl,-z,relro -Wl,-z,now -Wl,--disable-new-dtags -Wl,--gc-sections -Wl,-rpath,/home/natep/.miniconda3/envs/rspatial/lib -Wl,-rpath-link,/home/natep/.miniconda3/envs/rspatial/lib -L/home/natep/.miniconda3/envs/rspatial/lib conftest.cpp  >&5
configure:2102: $? = 0
configure:2109: ./conftest
configure:2113: $? = 0
configure:2128: result: no
configure:2133: checking for suffix of object files
configure:2155: x86_64-conda-linux-gnu-c++ -std=gnu++14 -c -fvisibility-inlines-hidden -fmessage-length=0 -march=nocona -mtune=haswell -ftree-vectorize -fPIC -fstack-protector-strong -fno-plt -O2 -ffunction-sections -pipe -isystem /home/natep/.miniconda3/envs/rspatial/include -fdebug-prefix-map=/home/builder/r-4.2.0/miniconda/envs/r-4.2.0/conda-bld/r-base_1653520836469/work=/usr/local/src/conda/r-base-4.2.0 -fdebug-prefix-map=/home/natep/.miniconda3/envs/rspatial=/usr/local/src/conda-prefix -DNDEBUG -D_FORTIFY_SOURCE=2 -O2 -isystem /home/natep/.miniconda3/envs/rspatial/include conftest.cpp >&5
configure:2159: $? = 0
configure:2180: result: o
configure:2184: checking whether we are using the GNU C++ compiler
configure:2203: x86_64-conda-linux-gnu-c++ -std=gnu++14 -c -fvisibility-inlines-hidden -fmessage-length=0 -march=nocona -mtune=haswell -ftree-vectorize -fPIC -fstack-protector-strong -fno-plt -O2 -ffunction-sections -pipe -isystem /home/natep/.miniconda3/envs/rspatial/include -fdebug-prefix-map=/home/builder/r-4.2.0/miniconda/envs/r-4.2.0/conda-bld/r-base_1653520836469/work=/usr/local/src/conda/r-base-4.2.0 -fdebug-prefix-map=/home/natep/.miniconda3/envs/rspatial=/usr/local/src/conda-prefix -DNDEBUG -D_FORTIFY_SOURCE=2 -O2 -isystem /home/natep/.miniconda3/envs/rspatial/include conftest.cpp >&5
configure:2203: $? = 0
configure:2212: result: yes
configure:2221: checking whether x86_64-conda-linux-gnu-c++ -std=gnu++14 accepts -g
configure:2241: x86_64-conda-linux-gnu-c++ -std=gnu++14 -c -g -DNDEBUG -D_FORTIFY_SOURCE=2 -O2 -isystem /home/natep/.miniconda3/envs/rspatial/include conftest.cpp >&5
configure:2241: $? = 0
configure:2282: result: yes
configure:2311: checking how to run the C++ preprocessor
configure:2338: x86_64-conda-linux-gnu-c++ -std=gnu++14 -E -DNDEBUG -D_FORTIFY_SOURCE=2 -O2 -isystem /home/natep/.miniconda3/envs/rspatial/include conftest.cpp
configure:2338: $? = 0
configure:2352: x86_64-conda-linux-gnu-c++ -std=gnu++14 -E -DNDEBUG -D_FORTIFY_SOURCE=2 -O2 -isystem /home/natep/.miniconda3/envs/rspatial/include conftest.cpp
conftest.cpp:9:10: fatal error: ac_nonexistent.h: No such file or directory
    9 | #include <ac_nonexistent.h>
      |          ^~~~~~~~~~~~~~~~~~
compilation terminated.
configure:2352: $? = 1
configure: failed program was:
| /* confdefs.h */
| #define PACKAGE_NAME "sibships"
| #define PACKAGE_TARNAME "sibships"
| #define PACKAGE_VERSION "1.0"
| #define PACKAGE_STRING "sibships 1.0"
| #define PACKAGE_BUGREPORT ""
| #define PACKAGE_URL ""
| /* end confdefs.h.  */
| #include <ac_nonexistent.h>
configure:2377: result: x86_64-conda-linux-gnu-c++ -std=gnu++14 -E
configure:2397: x86_64-conda-linux-gnu-c++ -std=gnu++14 -E -DNDEBUG -D_FORTIFY_SOURCE=2 -O2 -isystem /home/natep/.miniconda3/envs/rspatial/include conftest.cpp
configure:2397: $? = 0
configure:2411: x86_64-conda-linux-gnu-c++ -std=gnu++14 -E -DNDEBUG -D_FORTIFY_SOURCE=2 -O2 -isystem /home/natep/.miniconda3/envs/rspatial/include conftest.cpp
conftest.cpp:9:10: fatal error: ac_nonexistent.h: No such file or directory
    9 | #include <ac_nonexistent.h>
      |          ^~~~~~~~~~~~~~~~~~
compilation terminated.
configure:2411: $? = 1
configure: failed program was:
| /* confdefs.h */
| #define PACKAGE_NAME "sibships"
| #define PACKAGE_TARNAME "sibships"
| #define PACKAGE_VERSION "1.0"
| #define PACKAGE_STRING "sibships 1.0"
| #define PACKAGE_BUGREPORT ""
| #define PACKAGE_URL ""
| /* end confdefs.h.  */
| #include <ac_nonexistent.h>
configure:2448: checking for macOS
configure:2458: result: not found as on Linux
configure:2461: checking for OpenMP
configure:2471: result: found
configure:2634: creating ./config.status

## ---------------------- ##
## Running config.status. ##
## ---------------------- ##

This file was extended by sibships config.status 1.0, which was
generated by GNU Autoconf 2.69.  Invocation command line was

  CONFIG_FILES    = 
  CONFIG_HEADERS  = 
  CONFIG_LINKS    = 
  CONFIG_COMMANDS = 
  $ ./config.status 

on sesame

config.status:726: creating src/Makevars

## ---------------- ##
## Cache variables. ##
## ---------------- ##

ac_cv_cxx_compiler_gnu=yes
ac_cv_env_CCC_set=
ac_cv_env_CCC_value=
ac_cv_env_CPPFLAGS_set=set
ac_cv_env_CPPFLAGS_value='-DNDEBUG -D_FORTIFY_SOURCE=2 -O2 -isystem /home/natep/.miniconda3/envs/rspatial/include'
ac_cv_env_CXXCPP_set=
ac_cv_env_CXXCPP_value=
ac_cv_env_CXXFLAGS_set=set
ac_cv_env_CXXFLAGS_value='-fvisibility-inlines-hidden -std=c++17 -fmessage-length=0 -march=nocona -mtune=haswell -ftree-vectorize -fPIC -fstack-protector-strong -fno-plt -O2 -ffunction-sections -pipe -isystem /home/natep/.miniconda3/envs/rspatial/include'
ac_cv_env_CXX_set=set
ac_cv_env_CXX_value=/home/natep/.miniconda3/envs/rspatial/bin/x86_64-conda-linux-gnu-c++
ac_cv_env_LDFLAGS_set=set
ac_cv_env_LDFLAGS_value='-Wl,-O2 -Wl,--sort-common -Wl,--as-needed -Wl,-z,relro -Wl,-z,now -Wl,--disable-new-dtags -Wl,--gc-sections -Wl,-rpath,/home/natep/.miniconda3/envs/rspatial/lib -Wl,-rpath-link,/home/natep/.miniconda3/envs/rspatial/lib -L/home/natep/.miniconda3/envs/rspatial/lib'
ac_cv_env_LIBS_set=
ac_cv_env_LIBS_value=
ac_cv_env_build_alias_set=set
ac_cv_env_build_alias_value=x86_64-conda-linux-gnu
ac_cv_env_host_alias_set=set
ac_cv_env_host_alias_value=x86_64-conda-linux-gnu
ac_cv_env_target_alias_set=
ac_cv_env_target_alias_value=
ac_cv_objext=o
ac_cv_prog_CXXCPP='x86_64-conda-linux-gnu-c++ -std=gnu++14 -E'
ac_cv_prog_cxx_g=yes

## ----------------- ##
## Output variables. ##
## ----------------- ##

CPPFLAGS='-DNDEBUG -D_FORTIFY_SOURCE=2 -O2 -isystem /home/natep/.miniconda3/envs/rspatial/include'
CXX='x86_64-conda-linux-gnu-c++ -std=gnu++14'
CXXCPP='x86_64-conda-linux-gnu-c++ -std=gnu++14 -E'
CXXFLAGS='-fvisibility-inlines-hidden -fmessage-length=0 -march=nocona -mtune=haswell -ftree-vectorize -fPIC -fstack-protector-strong -fno-plt -O2 -ffunction-sections -pipe -isystem /home/natep/.miniconda3/envs/rspatial/include -fdebug-prefix-map=/home/builder/r-4.2.0/miniconda/envs/r-4.2.0/conda-bld/r-base_1653520836469/work=/usr/local/src/conda/r-base-4.2.0 -fdebug-prefix-map=/home/natep/.miniconda3/envs/rspatial=/usr/local/src/conda-prefix'
DEFS='-DPACKAGE_NAME=\"sibships\" -DPACKAGE_TARNAME=\"sibships\" -DPACKAGE_VERSION=\"1.0\" -DPACKAGE_STRING=\"sibships\ 1.0\" -DPACKAGE_BUGREPORT=\"\" -DPACKAGE_URL=\"\"'
ECHO_C=''
ECHO_N='-n'
ECHO_T=''
EXEEXT=''
LDFLAGS='-Wl,-O2 -Wl,--sort-common -Wl,--as-needed -Wl,-z,relro -Wl,-z,now -Wl,--disable-new-dtags -Wl,--gc-sections -Wl,-rpath,/home/natep/.miniconda3/envs/rspatial/lib -Wl,-rpath-link,/home/natep/.miniconda3/envs/rspatial/lib -L/home/natep/.miniconda3/envs/rspatial/lib'
LIBOBJS=''
LIBS=''
LTLIBOBJS=''
OBJEXT='o'
OPENMP_CFLAG='$(SHLIB_OPENMP_CFLAGS)'
OPENMP_FLAG='$(SHLIB_OPENMP_CXXFLAGS)'
PACKAGE_BUGREPORT=''
PACKAGE_NAME='sibships'
PACKAGE_STRING='sibships 1.0'
PACKAGE_TARNAME='sibships'
PACKAGE_URL=''
PACKAGE_VERSION='1.0'
PATH_SEPARATOR=':'
SHELL='/bin/bash'
ac_ct_CXX=''
bindir='${exec_prefix}/bin'
build_alias='x86_64-conda-linux-gnu'
datadir='${datarootdir}'
datarootdir='${prefix}/share'
docdir='${datarootdir}/doc/${PACKAGE_TARNAME}'
dvidir='${docdir}'
exec_prefix='${prefix}'
host_alias='x86_64-conda-linux-gnu'
htmldir='${docdir}'
includedir='${prefix}/include'
infodir='${datarootdir}/info'
libdir='${exec_prefix}/lib'
libexecdir='${exec_prefix}/libexec'
localedir='${datarootdir}/locale'
localstatedir='${prefix}/var'
mandir='${datarootdir}/man'
oldincludedir='/usr/include'
pdfdir='${docdir}'
prefix='/usr/local'
program_transform_name='s,x,x,'
psdir='${docdir}'
runstatedir='${localstatedir}/run'
sbindir='${exec_prefix}/sbin'
sharedstatedir='${prefix}/com'
sysconfdir='${prefix}/etc'
target_alias=''

## ----------- ##
## confdefs.h. ##
## ----------- ##

/* confdefs.h */
#define PACKAGE_NAME "sibships"
#define PACKAGE_TARNAME "sibships"
#define PACKAGE_VERSION "1.0"
#define PACKAGE_STRING "sibships 1.0"
#define PACKAGE_BUGREPORT ""
#define PACKAGE_URL ""

configure: exit 0
